android/app/build/intermediates/manifest_merge_blame_file/debug/manifest-merger-blame-debug-report.txt
1<?xml version="1.0" encoding="utf-8"?>
2<manifest xmlns:android="http://schemas.android.com/apk/res/android"
3    package="com.rentx"
4    android:versionCode="1"
5    android:versionName="1.0" >
6
7    <uses-sdk
8        android:minSdkVersion="21"
9        android:targetSdkVersion="30" />
10
11    <uses-permission android:name="android.permission.SYSTEM_ALERT_WINDOW" />
11-->src/main/AndroidManifest.xml:3:3-75
11-->src/main/AndroidManifest.xml:3:20-73
12    <uses-permission android:name="android.permission.INTERNET" />
12-->src/main/AndroidManifest.xml:2:3-64
12-->src/main/AndroidManifest.xml:2:20-62
13    <uses-permission android:name="android.permission.READ_PHONE_STATE" />
13-->src/main/AndroidManifest.xml:4:3-72
13-->src/main/AndroidManifest.xml:4:20-70
14    <uses-permission android:name="android.permission.VIBRATE" />
14-->src/main/AndroidManifest.xml:5:3-63
14-->src/main/AndroidManifest.xml:5:20-61
15    <uses-permission android:name="android.permission.MODIFY_AUDIO_SETTINGS" />
15-->src/main/AndroidManifest.xml:6:3-77
15-->src/main/AndroidManifest.xml:6:20-75
16    <uses-permission android:name="android.permission.READ_EXTERNAL_STORAGE" />
16-->src/main/AndroidManifest.xml:7:3-77
16-->src/main/AndroidManifest.xml:7:20-75
17    <uses-permission android:name="android.permission.WRITE_EXTERNAL_STORAGE" />
17-->src/main/AndroidManifest.xml:8:3-78
17-->src/main/AndroidManifest.xml:8:20-76
18    <uses-permission android:name="android.permission.ACCESS_WIFI_STATE" />
18-->[com.facebook.flipper:flipper:0.54.0] AndroidManifest.xml:16:5-76
18-->[com.facebook.flipper:flipper:0.54.0] AndroidManifest.xml:16:22-73
19    <uses-permission android:name="android.permission.ACCESS_NETWORK_STATE" /> <!-- Required for picking images from camera directly -->
19-->[:expo-updates] AndroidManifest.xml:11:5-79
19-->[:expo-updates] AndroidManifest.xml:11:22-76
20    <uses-permission android:name="android.permission.CAMERA" />
20-->[:expo-image-picker] AndroidManifest.xml:11:5-65
20-->[:expo-image-picker] AndroidManifest.xml:11:22-62
21
22    <queries>
22-->[:expo-image-picker] AndroidManifest.xml:17:5-28:15
23        <intent>
23-->[:expo-image-picker] AndroidManifest.xml:18:9-22:18
24
25            <!-- Required for picking images from the camera roll if targeting API 30 -->
26            <action android:name="android.media.action.IMAGE_CAPTURE" />
26-->[:expo-image-picker] AndroidManifest.xml:21:13-73
26-->[:expo-image-picker] AndroidManifest.xml:21:21-70
27        </intent>
28        <intent>
28-->[:expo-image-picker] AndroidManifest.xml:23:9-27:18
29
30            <!-- Required for picking images from the camera if targeting API 30 -->
31            <action android:name="android.media.action.ACTION_VIDEO_CAPTURE" />
31-->[:expo-image-picker] AndroidManifest.xml:26:13-80
31-->[:expo-image-picker] AndroidManifest.xml:26:21-77
32        </intent>
33    </queries>
34
35    <uses-permission android:name="com.google.android.finsky.permission.BIND_GET_INSTALL_REFERRER_SERVICE" />
35-->[com.android.installreferrer:installreferrer:1.0] AndroidManifest.xml:9:5-110
35-->[com.android.installreferrer:installreferrer:1.0] AndroidManifest.xml:9:22-107
36
37    <application
37-->src/main/AndroidManifest.xml:9:3-22:17
38        android:name="com.rentx.MainApplication"
38-->src/main/AndroidManifest.xml:9:16-47
39        android:allowBackup="false"
39-->src/main/AndroidManifest.xml:9:162-189
40        android:appComponentFactory="androidx.core.app.CoreComponentFactory"
40-->[androidx.core:core:1.3.0] AndroidManifest.xml:24:18-86
41        android:debuggable="true"
42        android:icon="@mipmap/ic_launcher"
42-->src/main/AndroidManifest.xml:9:81-115
43        android:label="@string/app_name"
43-->src/main/AndroidManifest.xml:9:48-80
44        android:roundIcon="@mipmap/ic_launcher_round"
44-->src/main/AndroidManifest.xml:9:116-161
45        android:theme="@style/AppTheme"
45-->src/main/AndroidManifest.xml:9:190-221
46        android:usesCleartextTraffic="true" >
46-->src/debug/AndroidManifest.xml:6:18-53
47        <meta-data
47-->src/main/AndroidManifest.xml:10:5-126
48            android:name="expo.modules.updates.EXPO_UPDATE_URL"
48-->src/main/AndroidManifest.xml:10:16-67
49            android:value="https://exp.host/@jessicalopes.dev/rentX" />
49-->src/main/AndroidManifest.xml:10:68-124
50        <meta-data
50-->src/main/AndroidManifest.xml:11:5-93
51            android:name="expo.modules.updates.EXPO_SDK_VERSION"
51-->src/main/AndroidManifest.xml:11:16-68
52            android:value="41.0.0" />
52-->src/main/AndroidManifest.xml:11:69-91
53        <meta-data
53-->src/main/AndroidManifest.xml:12:5-82
54            android:name="expo.modules.updates.ENABLED"
54-->src/main/AndroidManifest.xml:12:16-59
55            android:value="true" />
55-->src/main/AndroidManifest.xml:12:60-80
56        <meta-data
56-->src/main/AndroidManifest.xml:13:5-105
57            android:name="expo.modules.updates.EXPO_UPDATES_CHECK_ON_LAUNCH"
57-->src/main/AndroidManifest.xml:13:16-80
58            android:value="ALWAYS" />
58-->src/main/AndroidManifest.xml:13:81-103
59        <meta-data
59-->src/main/AndroidManifest.xml:14:5-99
60            android:name="expo.modules.updates.EXPO_UPDATES_LAUNCH_WAIT_MS"
60-->src/main/AndroidManifest.xml:14:16-79
61            android:value="0" />
61-->src/main/AndroidManifest.xml:14:80-97
62
63        <activity
63-->src/main/AndroidManifest.xml:15:5-20:16
64            android:name="com.rentx.MainActivity"
64-->src/main/AndroidManifest.xml:15:15-43
65            android:configChanges="keyboard|keyboardHidden|orientation|screenSize|uiMode"
65-->src/main/AndroidManifest.xml:15:77-154
66            android:label="@string/app_name"
66-->src/main/AndroidManifest.xml:15:44-76
67            android:launchMode="singleTask"
67-->src/main/AndroidManifest.xml:15:155-186
68            android:theme="@style/Theme.App.SplashScreen"
68-->src/main/AndroidManifest.xml:15:230-275
69            android:windowSoftInputMode="adjustResize" >
69-->src/main/AndroidManifest.xml:15:187-229
70            <intent-filter>
70-->src/main/AndroidManifest.xml:16:7-19:23
71                <action android:name="android.intent.action.MAIN" />
71-->src/main/AndroidManifest.xml:17:9-60
71-->src/main/AndroidManifest.xml:17:17-58
72
73                <category android:name="android.intent.category.LAUNCHER" />
73-->src/main/AndroidManifest.xml:18:9-68
73-->src/main/AndroidManifest.xml:18:19-66
74            </intent-filter>
75        </activity>
76        <activity android:name="com.facebook.react.devsupport.DevSettingsActivity" />
76-->src/main/AndroidManifest.xml:21:5-81
76-->src/main/AndroidManifest.xml:21:15-79
77
78        <meta-data
78-->[:unimodules-react-native-adapter] AndroidManifest.xml:12:9-14:91
79            android:name="org.unimodules.core.AppLoader#react-native-headless"
79-->[:unimodules-react-native-adapter] AndroidManifest.xml:13:13-79
80            android:value="org.unimodules.adapters.react.apploader.RNHeadlessAppLoader" />
80-->[:unimodules-react-native-adapter] AndroidManifest.xml:14:13-88
81
82        <provider
82-->[:react-native-webview] AndroidManifest.xml:12:9-20:20
83            android:name="com.reactnativecommunity.webview.RNCWebViewFileProvider"
83-->[:react-native-webview] AndroidManifest.xml:13:13-83
84            android:authorities="com.rentx.fileprovider"
84-->[:react-native-webview] AndroidManifest.xml:14:13-64
85            android:exported="false"
85-->[:react-native-webview] AndroidManifest.xml:15:13-37
86            android:grantUriPermissions="true" >
86-->[:react-native-webview] AndroidManifest.xml:16:13-47
87            <meta-data
87-->[:react-native-webview] AndroidManifest.xml:17:13-19:63
88                android:name="android.support.FILE_PROVIDER_PATHS"
88-->[:react-native-webview] AndroidManifest.xml:18:17-67
89                android:resource="@xml/file_provider_paths" />
89-->[:react-native-webview] AndroidManifest.xml:19:17-60
90        </provider>
91        <provider
91-->[:expo-file-system] AndroidManifest.xml:17:9-26:20
92            android:name="expo.modules.filesystem.FileSystemFileProvider"
92-->[:expo-file-system] AndroidManifest.xml:18:13-74
93            android:authorities="com.rentx.FileSystemFileProvider"
93-->[:expo-file-system] AndroidManifest.xml:19:13-74
94            android:exported="false"
94-->[:expo-file-system] AndroidManifest.xml:20:13-37
95            android:grantUriPermissions="true" >
95-->[:expo-file-system] AndroidManifest.xml:21:13-47
96            <meta-data
96-->[:react-native-webview] AndroidManifest.xml:17:13-19:63
97                android:name="android.support.FILE_PROVIDER_PATHS"
97-->[:react-native-webview] AndroidManifest.xml:18:17-67
98                android:resource="@xml/file_system_provider_paths" />
98-->[:react-native-webview] AndroidManifest.xml:19:17-60
99        </provider>
100
101        <activity
101-->[:expo-image-picker] AndroidManifest.xml:31:9-33:59
102            android:name="com.theartofdev.edmodo.cropper.CropImageActivity"
102-->[:expo-image-picker] AndroidManifest.xml:32:13-76
103            android:theme="@style/Base.Theme.AppCompat" /> <!-- https://developer.android.com/guide/topics/manifest/provider-element.html -->
103-->[:expo-image-picker] AndroidManifest.xml:33:13-56
104        <provider
104-->[:expo-image-picker] AndroidManifest.xml:35:9-43:20
105            android:name="expo.modules.imagepicker.ImagePickerFileProvider"
105-->[:expo-image-picker] AndroidManifest.xml:36:13-76
106            android:authorities="com.rentx.ImagePickerFileProvider"
106-->[:expo-image-picker] AndroidManifest.xml:37:13-75
107            android:exported="false"
107-->[:expo-image-picker] AndroidManifest.xml:38:13-37
108            android:grantUriPermissions="true" >
108-->[:expo-image-picker] AndroidManifest.xml:39:13-47
109            <meta-data
109-->[:react-native-webview] AndroidManifest.xml:17:13-19:63
110                android:name="android.support.FILE_PROVIDER_PATHS"
110-->[:react-native-webview] AndroidManifest.xml:18:17-67
111                android:resource="@xml/image_picker_provider_paths" />
111-->[:react-native-webview] AndroidManifest.xml:19:17-60
112        </provider>
113
114        <service
114-->[androidx.room:room-runtime:2.1.0] AndroidManifest.xml:25:9-27:40
115            android:name="androidx.room.MultiInstanceInvalidationService"
115-->[androidx.room:room-runtime:2.1.0] AndroidManifest.xml:26:13-74
116            android:exported="false" />
116-->[androidx.room:room-runtime:2.1.0] AndroidManifest.xml:27:13-37
117    </application>
118
119</manifest>